<?xml version="1.0" encoding="UTF-8"?>
<!-- Generated by org.testng.reporters.JUnitReportReporter -->
<testsuite skipped="0" hostname="Laxmi-PC" name="com.facebook.testcases.LandingPageTest" tests="1" failures="0" timestamp="09 Jul 2019 05:06:03 GMT" time="19.533" errors="0">
  <testcase name="landingPageTest" time="19.533" classname="com.facebook.testcases.LandingPageTest"/>
</testsuite> <!-- com.facebook.testcases.LandingPageTest -->
